{"level":"info","message":"Loading Mongoose functionality"}
{"level":"info","message":"Server starting"}
{"level":"info","message":"Mongoose connected to the database"}
{"level":"info","message":"Get all a user todos"}
{"level":"info","message":"Create Todo"}
{"level":"info","message":"Get all a user todos"}
{"level":"info","message":"Create Todo"}
{"level":"info","message":"Get all a user todos"}
{"level":"info","message":"Get all a user todos"}
{"level":"info","message":"Get all a user todos"}
{"level":"info","message":"Create Todo"}
{"level":"info","message":"Get all a user todos"}
{"level":"info","message":"Get all a user todos"}
{"level":"info","message":"Get all a user todos"}
{"level":"info","message":"Get all a user todos"}
{"level":"info","message":"Create Todo"}
{"level":"info","message":"Get all a user todos"}
{"level":"info","message":"Get all a user todos"}
{"level":"info","message":"Get all a user todos"}
{"level":"info","message":"Get all a user todos"}
{"level":"info","message":"Get all a user todos"}
{"level":"info","message":"Delete todo 5df2a681a9ad9821205decb1"}
{"level":"info","message":"Get all a user todos"}
{"level":"info","message":"Delete todo 5df2ab29a7f5bd13f87d9510"}
{"level":"info","message":"Get all a user todos"}
{"level":"info","message":"Create User"}
{"level":"info","message":"Get all a user todos"}
{"level":"info","message":"Create Todo"}
{"level":"info","message":"Get all a user todos"}
{"level":"info","message":"Delete todo 5df5bc8884e0092834df16f9"}
{"level":"info","message":"Get all a user todos"}
{"level":"info","message":"Delete todo 5df5bc8884e0092834df16f9"}
{"level":"info","message":"Get all a user todos"}
{"level":"info","message":"Get todo %s"}
{"level":"info","message":"Get all a user todos"}
{"level":"info","message":"Delete todo 5df5bc8884e0092834df16f9"}
{"level":"info","message":"Get all a user todos"}
